<?xml version="1.0" encoding="UTF-8"?>
<!-- Generated by org.testng.reporters.JUnitReportReporter -->
<testsuite hostname="DKMQYYF4JWF6T" failures="0" tests="1" name="com.ui.tests.LoginTests3" time="13.779" errors="0" timestamp="2025-02-22T13:23:57 CET" skipped="0">
  <testcase classname="com.ui.tests.LoginTests3" name="loginTest" time="13.779"/>
</testsuite> <!-- com.ui.tests.LoginTests3 -->
