<?xml version="1.0" encoding="UTF-8"?>
<!-- Generated by org.testng.reporters.JUnitReportReporter -->
<testsuite hostname="DKMJWYM9Q0711" failures="0" tests="1" name="com.ui.tests.LoginTests" time="12.065" errors="0" timestamp="2025-06-06T17:58:15 CEST" skipped="0">
  <testcase classname="com.ui.tests.LoginTests" name="loginExcelTest" time="12.065"/>
</testsuite> <!-- com.ui.tests.LoginTests -->
